Traceback (most recent call last):
  File "/home/codespace/.local/lib/python3.12/site-packages/jupyter_core/utils/__init__.py", line 154, in wrapped
    asyncio.get_running_loop()
RuntimeError: no running event loop

During handling of the above exception, another exception occurred:

Traceback (most recent call last):
  File "/home/codespace/.local/lib/python3.12/site-packages/jupyter_cache/executors/utils.py", line 58, in single_nb_execution
    executenb(
  File "/home/codespace/.local/lib/python3.12/site-packages/nbclient/client.py", line 1319, in execute
    return NotebookClient(nb=nb, resources=resources, km=km, **kwargs).execute()
           ^^^^^^^^^^^^^^^^^^^^^^^^^^^^^^^^^^^^^^^^^^^^^^^^^^^^^^^^^^^^^^^^^^^^^
  File "/home/codespace/.local/lib/python3.12/site-packages/jupyter_core/utils/__init__.py", line 158, in wrapped
    return loop.run_until_complete(inner)
           ^^^^^^^^^^^^^^^^^^^^^^^^^^^^^^
  File "/usr/local/python/3.12.1/lib/python3.12/asyncio/base_events.py", line 684, in run_until_complete
    return future.result()
           ^^^^^^^^^^^^^^^
  File "/home/codespace/.local/lib/python3.12/site-packages/nbclient/client.py", line 709, in async_execute
    await self.async_execute_cell(
  File "/home/codespace/.local/lib/python3.12/site-packages/nbclient/client.py", line 1062, in async_execute_cell
    await self._check_raise_for_error(cell, cell_index, exec_reply)
  File "/home/codespace/.local/lib/python3.12/site-packages/nbclient/client.py", line 918, in _check_raise_for_error
    raise CellExecutionError.from_cell_and_msg(cell, exec_reply_content)
nbclient.exceptions.CellExecutionError: An error occurred while executing the following cell:
------------------
run_matplotlib_advanced_demo()  # or run_matplotlib_advanced_demo("advanced_matplotlib_demo.pdf")

------------------

----- stderr -----
/tmp/ipykernel_5800/1296569676.py:5: MatplotlibDeprecationWarning: The get_cmap function was deprecated in Matplotlib 3.7 and will be removed in 3.11. Use ``matplotlib.colormaps[name]`` or ``matplotlib.colormaps.get_cmap()`` or ``pyplot.get_cmap()`` instead.
  cmap = get_cmap(cmap_name)
------------------

[31m---------------------------------------------------------------------------[39m
[31mNameError[39m                                 Traceback (most recent call last)
[36mCell[39m[36m [39m[32mIn[15][39m[32m, line 1[39m
[32m----> [39m[32m1[39m [43mrun_matplotlib_advanced_demo[49m[43m([49m[43m)[49m  [38;5;66;03m# or run_matplotlib_advanced_demo("advanced_matplotlib_demo.pdf")[39;00m

[36mCell[39m[36m [39m[32mIn[14][39m[32m, line 18[39m, in [36mrun_matplotlib_advanced_demo[39m[34m(savepath)[39m
[32m     15[39m add_colorbar(fig, ax, norm, cmap)
[32m     17[39m [38;5;66;03m# Bottom panel: log–log ΔT[39;00m
[32m---> [39m[32m18[39m [43mplot_bottom_loglog[49m(ax_logy, t, taus, T_amb, T0, norm, cmap)
[32m     20[39m [38;5;66;03m# Optional save (vector if .pdf/.svg; raster if .png)[39;00m
[32m     21[39m [38;5;28;01mif[39;00m savepath [38;5;129;01mis[39;00m [38;5;129;01mnot[39;00m [38;5;28;01mNone[39;00m:

[31mNameError[39m: name 'plot_bottom_loglog' is not defined

